[ourapp-template.webflow.io/index.html]
[backblue.gif]
[fade.gif]
[index.html]
[daks2k3a4ib2z.cloudfront.net/5432b1b70282e4a60a036921/css/ourapp-template.webflow.650db567e.css]
[ajax.googleapis.com/ajax/libs/webfont/1.4.7/webfont.js]
[daks2k3a4ib2z.cloudfront.net/0globals/modernizr-2.7.1.js]
[daks2k3a4ib2z.cloudfront.net/5432b1b70282e4a60a036921/5434600b7f1a6b4d7613e5f1_fav.png]
[daks2k3a4ib2z.cloudfront.net/5432b1b70282e4a60a036921/54346012f80673470f2b62bd_ico-phone.png]
[uploads.webflow.com/5432b1b70282e4a60a036921/544683e4e62142a84d264028_loader.gif]
[uploads.webflow.com/5432b1b70282e4a60a036921/54406b2552e2fb242e4e641f_logo-3.png]
[uploads.webflow.com/5432b1b70282e4a60a036921/54340478f80673470f2b5a8d_logo.png]
[uploads.webflow.com/5432b1b70282e4a60a036921/5432c2740282e4a60a036aef_ico1.png]
[uploads.webflow.com/5432b1b70282e4a60a036921/5432c34b50bc361265fc3bf9_ico2.png]
[uploads.webflow.com/5432b1b70282e4a60a036921/5447bebfc16f2af2595d22ff_slider-phone.png]
[uploads.webflow.com/5432b1b70282e4a60a036921/5432d87750bc361265fc3e19_apps.png]
[uploads.webflow.com/5432b1b70282e4a60a036921/5432d9080282e4a60a036cc9_barq.png]
[uploads.webflow.com/5432b1b70282e4a60a036921/5432d80d50bc361265fc3e12_tex.png]
[uploads.webflow.com/5432b1b70282e4a60a036921/5432d92250bc361265fc3e27_smack.png]
[uploads.webflow.com/5432b1b70282e4a60a036921/5432d95e50bc361265fc3e2a_buddy.png]
[uploads.webflow.com/5432b1b70282e4a60a036921/5434051b4ec0fc480f5a98f9_phone.png]
[uploads.webflow.com/5432b1b70282e4a60a036921/5446e385f3712f7954f33445_ico4.png]
[uploads.webflow.com/5432b1b70282e4a60a036921/5446e293c16f2af2595d108d_ico1.png]
[uploads.webflow.com/5432b1b70282e4a60a036921/5446e30ff50742f359ad1794_ico2.png]
[uploads.webflow.com/5432b1b70282e4a60a036921/5446e3bfc16f2af2595d1096_ico5.png]
[uploads.webflow.com/5432b1b70282e4a60a036921/5446e33df50742f359ad1795_ico3.png]
[uploads.webflow.com/5432b1b70282e4a60a036921/5446e408f3712f7954f3344a_ico6.png]
[uploads.webflow.com/5432b1b70282e4a60a036921/5446e432c16f2af2595d109d_ico7.png]
[uploads.webflow.com/5432b1b70282e4a60a036921/5446e46ec16f2af2595d109e_ico8.png]
[uploads.webflow.com/5432b1b70282e4a60a036921/5445a9ea7fa3dfa65588c23b_iphone-right.png]
[uploads.webflow.com/5432b1b70282e4a60a036921/543427498c42174c76dcdf35_play-ico.png]
[uploads.webflow.com/5432b1b70282e4a60a036921/543424b17f1a6b4d7613e321_ipad2.png]
[uploads.webflow.com/5432b1b70282e4a60a036921/54332af7baeba6bc0c000d7e_iPhone in.gif]
[uploads.webflow.com/5432b1b70282e4a60a036921/5436af5cac85f9230c2910d9_gift in.gif]
[uploads.webflow.com/5432b1b70282e4a60a036921/5436af9c61e250240cd173f9_credit card in.gif]
[uploads.webflow.com/5432b1b70282e4a60a036921/5436ccf1267f6c5d24dcf752_iall-1.png]
[uploads.webflow.com/5432b1b70282e4a60a036921/54381a80b554f2e70fc83c39_screen1.jpg]
[uploads.webflow.com/5432b1b70282e4a60a036921/54381477b554f2e70fc83bd8_line.png]
[uploads.webflow.com/5432b1b70282e4a60a036921/54381a8eb554f2e70fc83c3a_screen2.jpg]
[uploads.webflow.com/5432b1b70282e4a60a036921/54382652d79784a5297e3f6b_screen3.jpg]
[uploads.webflow.com/5432b1b70282e4a60a036921/54381ab4a869fda429f69ebb_screem4.jpg]
[uploads.webflow.com/5432b1b70282e4a60a036921/5446db56c16f2af2595d0fd8_arrow.png]
[ajax.googleapis.com/ajax/libs/jquery/2.2.0/jquery.min.js]
[ourapp-template.webflow.io/index.html]
[daks2k3a4ib2z.cloudfront.net/5432b1b70282e4a60a036921/js/webflow.60efcc518.js]
[uploads.webflow.com/5432b1b70282e4a60a036921/544f956869e18e4c7d2b2881_pattern.png]
[uploads.webflow.com/5432b1b70282e4a60a036921/54405bdccdb0d892441a1dfc_background2.jpg]
[uploads.webflow.com/5432b1b70282e4a60a036921/54373671267f6c5d24dcfe57_com-1.png]
[uploads.webflow.com/5432b1b70282e4a60a036921/543d3cb9743d708c227362f4_com-1h.png]
[uploads.webflow.com/5432b1b70282e4a60a036921/54373693267f6c5d24dcfe58_com-2.png]
[uploads.webflow.com/5432b1b70282e4a60a036921/543d3cc7de04be1f39c9443c_com-2h.png]
[uploads.webflow.com/5432b1b70282e4a60a036921/5437369e61e250240cd17aa5_com-3.png]
[uploads.webflow.com/5432b1b70282e4a60a036921/543d3cd45463928d22b51c05_com-3h.png]
[uploads.webflow.com/5432b1b70282e4a60a036921/543d3f58de04be1f39c94467_com-5.png]
[uploads.webflow.com/5432b1b70282e4a60a036921/54405a10cdb0d892441a1dd6_background2.jpg]
[d3e54v103j8qbb.cloudfront.net/img/example-bg.png]
[uploads.webflow.com/5432b1b70282e4a60a036921/543f04592e6c53532bc78585_staf3.jpg]
[uploads.webflow.com/5432b1b70282e4a60a036921/543f05e52e6c53532bc7859a_client2.jpg]
[uploads.webflow.com/5432b1b70282e4a60a036921/543f05b72e6c53532bc78597_cleint3.jpg]
[uploads.webflow.com/5432b1b70282e4a60a036921/543f0418ac9baade3f5b6490_staf1.png]
[uploads.webflow.com/5432b1b70282e4a60a036921/543f07a12e6c53532bc785cb_staf2.jpg]
[uploads.webflow.com/5432b1b70282e4a60a036921/543f07b954bf30522b09a7bb_client1.jpg]
[daks2k3a4ib2z.cloudfront.net/5432b1b70282e4a60a036921/css/ourapp-template.webflow.650db567e.css]
[ourapp-template.webflow.io/register-page.html]
